[debug] [2024-11-24T09:19:00.887Z] ----------------------------------------------------------------------
[debug] [2024-11-24T09:19:00.888Z] Command:       /Users/ashrafstakala/.nvm/versions/node/v18.19.0/bin/node /Users/ashrafstakala/.nvm/versions/node/v18.19.0/bin/firebase init
[debug] [2024-11-24T09:19:00.888Z] CLI Version:   13.3.0
[debug] [2024-11-24T09:19:00.888Z] Platform:      darwin
[debug] [2024-11-24T09:19:00.888Z] Node Version:  v18.19.0
[debug] [2024-11-24T09:19:00.893Z] Time:          Sun Nov 24 2024 11:19:00 GMT+0200 (South Africa Standard Time)
[debug] [2024-11-24T09:19:00.893Z] ----------------------------------------------------------------------
[debug] 
[debug] [2024-11-24T09:19:00.926Z] > command requires scopes: ["email","openid","https://www.googleapis.com/auth/cloudplatformprojects.readonly","https://www.googleapis.com/auth/firebase","https://www.googleapis.com/auth/cloud-platform"]
[debug] [2024-11-24T09:19:00.927Z] > authorizing via signed-in user (dongcointoken@gmail.com)
[info] 
     ######## #### ########  ######## ########     ###     ######  ########
     ##        ##  ##     ## ##       ##     ##  ##   ##  ##       ##
     ######    ##  ########  ######   ########  #########  ######  ######
     ##        ##  ##    ##  ##       ##     ## ##     ##       ## ##
     ##       #### ##     ## ######## ########  ##     ##  ######  ########

You're about to initialize a Firebase project in this directory:

  /Users/ashrafstakala/Documents/dongcoin/website

Before we get started, keep in mind:

  * You are initializing within an existing Firebase project directory

